<?xml version="1.0" encoding="UTF-8"?>
<!-- Generated by org.testng.reporters.JUnitReportReporter -->
<testsuite hostname="DESKTOP-0U53EI1" failures="0" tests="1" name="IMDB.PYX.LandingPage" time="8.164" errors="0" timestamp="2021-02-09T00:25:06 EST" skipped="0">
  <testcase classname="IMDB.PYX.LandingPage" name="basePageNavigation" time="8.164"/>
  <system-out/>
</testsuite> <!-- IMDB.PYX.LandingPage -->
